09-11-2022 14:29:36 WARN  TestResultLoggerExtension:37 - Test Successful for test: [1] Main Testing Project
09-11-2022 14:29:45 WARN  TestResultLoggerExtension:50 - Test Failed for test: [1] Main Testing Project due to cause: java.util.UnknownFormatConversionException
09-11-2022 14:29:54 WARN  TestResultLoggerExtension:50 - Test Failed for test: [1] Main Testing Project, Story due to cause: org.opentest4j.AssertionFailedError
09-11-2022 14:30:21 WARN  TestResultLoggerExtension:50 - Test Failed for test: [1] Check bug issue type for JETI, JETI, Bug due to cause: org.opentest4j.AssertionFailedError
09-11-2022 14:30:47 WARN  TestResultLoggerExtension:50 - Test Failed for test: [2] Check task issue type for JETI, JETI, Task due to cause: org.opentest4j.AssertionFailedError
09-11-2022 14:31:14 WARN  TestResultLoggerExtension:50 - Test Failed for test: [3] Check story issue type for JETI, JETI, Story due to cause: org.opentest4j.AssertionFailedError
09-11-2022 14:31:40 WARN  TestResultLoggerExtension:50 - Test Failed for test: [4] Check bug issue type for TOUCAN, TOUCAN, Bug due to cause: org.opentest4j.AssertionFailedError
09-11-2022 14:32:07 WARN  TestResultLoggerExtension:50 - Test Failed for test: [5] Check task issue type for TOUCAN, TOUCAN, Task due to cause: org.opentest4j.AssertionFailedError
09-11-2022 14:32:33 WARN  TestResultLoggerExtension:50 - Test Failed for test: [6] Check story issue type for TOUCAN, TOUCAN, Story due to cause: org.opentest4j.AssertionFailedError
09-11-2022 14:33:00 WARN  TestResultLoggerExtension:50 - Test Failed for test: [7] Check bug issue type for COALA, COALA, Bug due to cause: org.opentest4j.AssertionFailedError
09-11-2022 14:33:26 WARN  TestResultLoggerExtension:50 - Test Failed for test: [8] Check task issue type for COALA, COALA, Task due to cause: org.opentest4j.AssertionFailedError
09-11-2022 14:33:53 WARN  TestResultLoggerExtension:50 - Test Failed for test: [9] Check story issue type for COALA, COALA, Story due to cause: org.opentest4j.AssertionFailedError
09-11-2022 14:34:00 WARN  TestResultLoggerExtension:50 - Test Failed for test: [1] Check bug issue type for JETI, JETI due to cause: org.opentest4j.AssertionFailedError
09-11-2022 14:34:08 WARN  TestResultLoggerExtension:50 - Test Failed for test: [2] Check task issue type for JETI, JETI due to cause: org.opentest4j.AssertionFailedError
09-11-2022 14:34:16 WARN  TestResultLoggerExtension:50 - Test Failed for test: [3] Check story issue type for JETI, JETI due to cause: org.opentest4j.AssertionFailedError
09-11-2022 14:34:23 WARN  TestResultLoggerExtension:50 - Test Failed for test: [4] Check bug issue type for TOUCAN, TOUCAN due to cause: org.opentest4j.AssertionFailedError
09-11-2022 14:34:31 WARN  TestResultLoggerExtension:50 - Test Failed for test: [5] Check task issue type for TOUCAN, TOUCAN due to cause: org.opentest4j.AssertionFailedError
09-11-2022 14:34:38 WARN  TestResultLoggerExtension:50 - Test Failed for test: [6] Check story issue type for TOUCAN, TOUCAN due to cause: org.opentest4j.AssertionFailedError
09-11-2022 14:35:02 WARN  TestResultLoggerExtension:50 - Test Failed for test: [7] Check bug issue type for COALA, COALA due to cause: org.openqa.selenium.TimeoutException
09-11-2022 14:35:10 WARN  TestResultLoggerExtension:50 - Test Failed for test: [8] Check task issue type for COALA, COALA due to cause: org.opentest4j.AssertionFailedError
09-11-2022 14:35:17 WARN  TestResultLoggerExtension:50 - Test Failed for test: [9] Check story issue type for COALA, COALA due to cause: org.opentest4j.AssertionFailedError
09-11-2022 14:35:24 WARN  TestResultLoggerExtension:50 - Test Failed for test: Create new issue with blank mandatory fields due to cause: org.opentest4j.AssertionFailedError
09-11-2022 14:35:24 WARN  TestResultLoggerExtension:24 - Test result summary for TestCreateIssue {FAILED=21, SUCCESSFUL=1}
09-11-2022 14:52:41 WARN  TestResultLoggerExtension:50 - Test Failed for test: [1] Main Testing Project due to cause: java.util.UnknownFormatConversionException
09-11-2022 14:52:41 WARN  TestResultLoggerExtension:24 - Test result summary for TestCreateIssue {FAILED=1}
09-11-2022 14:56:43 WARN  TestResultLoggerExtension:37 - Test Successful for test: [1] Main Testing Project
09-11-2022 14:56:43 WARN  TestResultLoggerExtension:24 - Test result summary for TestCreateIssue {SUCCESSFUL=1}
09-11-2022 14:57:30 WARN  TestResultLoggerExtension:50 - Test Failed for test: Create new issue with blank mandatory fields due to cause: org.opentest4j.AssertionFailedError
09-11-2022 14:57:30 WARN  TestResultLoggerExtension:24 - Test result summary for TestCreateIssue {FAILED=1}
09-11-2022 14:59:30 WARN  TestResultLoggerExtension:50 - Test Failed for test: [1] Main Testing Project, Story due to cause: org.opentest4j.AssertionFailedError
09-11-2022 14:59:30 WARN  TestResultLoggerExtension:24 - Test result summary for TestCreateIssue {FAILED=1}
09-11-2022 15:01:28 WARN  TestResultLoggerExtension:37 - Test Successful for test: [1] Main Testing Project, Story
09-11-2022 15:01:28 WARN  TestResultLoggerExtension:24 - Test result summary for TestCreateIssue {SUCCESSFUL=1}
09-11-2022 15:05:46 WARN  TestResultLoggerExtension:37 - Test Successful for test: [1] Main Testing Project, Story
09-11-2022 15:05:46 WARN  TestResultLoggerExtension:24 - Test result summary for TestCreateIssue {SUCCESSFUL=1}
09-11-2022 15:19:06 WARN  TestResultLoggerExtension:50 - Test Failed for test: [1] Main Testing Project, Story due to cause: org.openqa.selenium.TimeoutException
09-11-2022 15:19:06 WARN  TestResultLoggerExtension:24 - Test result summary for TestCreateIssue {FAILED=1}
09-11-2022 15:21:17 WARN  TestResultLoggerExtension:37 - Test Successful for test: [1] Main Testing Project, Story
09-11-2022 15:37:49 WARN  TestResultLoggerExtension:50 - Test Failed for test: Create new issue with blank mandatory fields due to cause: org.opentest4j.AssertionFailedError
09-11-2022 15:37:49 WARN  TestResultLoggerExtension:24 - Test result summary for TestCreateIssue {FAILED=1}
09-11-2022 15:41:08 WARN  TestResultLoggerExtension:50 - Test Failed for test: Create new issue with blank mandatory fields due to cause: org.opentest4j.AssertionFailedError
09-11-2022 15:41:08 WARN  TestResultLoggerExtension:24 - Test result summary for TestCreateIssue {FAILED=1}
09-11-2022 15:43:39 WARN  TestResultLoggerExtension:37 - Test Successful for test: Create new issue with blank mandatory fields
09-11-2022 15:43:39 WARN  TestResultLoggerExtension:24 - Test result summary for TestCreateIssue {SUCCESSFUL=1}
09-11-2022 15:47:01 WARN  TestResultLoggerExtension:50 - Test Failed for test: [1] Check bug issue type for JETI, JETI due to cause: org.opentest4j.AssertionFailedError
09-11-2022 15:47:08 WARN  TestResultLoggerExtension:50 - Test Failed for test: [2] Check task issue type for JETI, JETI due to cause: org.opentest4j.AssertionFailedError
09-11-2022 15:47:15 WARN  TestResultLoggerExtension:50 - Test Failed for test: [3] Check story issue type for JETI, JETI due to cause: org.opentest4j.AssertionFailedError
09-11-2022 15:47:22 WARN  TestResultLoggerExtension:50 - Test Failed for test: [4] Check bug issue type for TOUCAN, TOUCAN due to cause: org.opentest4j.AssertionFailedError
09-11-2022 15:47:30 WARN  TestResultLoggerExtension:50 - Test Failed for test: [5] Check task issue type for TOUCAN, TOUCAN due to cause: org.opentest4j.AssertionFailedError
09-11-2022 15:47:37 WARN  TestResultLoggerExtension:50 - Test Failed for test: [6] Check story issue type for TOUCAN, TOUCAN due to cause: org.opentest4j.AssertionFailedError
09-11-2022 15:47:44 WARN  TestResultLoggerExtension:50 - Test Failed for test: [7] Check bug issue type for COALA, COALA due to cause: org.opentest4j.AssertionFailedError
09-11-2022 15:47:51 WARN  TestResultLoggerExtension:50 - Test Failed for test: [8] Check task issue type for COALA, COALA due to cause: org.opentest4j.AssertionFailedError
09-11-2022 15:48:15 WARN  TestResultLoggerExtension:50 - Test Failed for test: [9] Check story issue type for COALA, COALA due to cause: org.openqa.selenium.TimeoutException
09-11-2022 15:48:15 WARN  TestResultLoggerExtension:24 - Test result summary for TestCreateIssue {FAILED=9}
09-11-2022 16:12:10 WARN  TestResultLoggerExtension:50 - Test Failed for test: [1] Check bug issue type for JETI, JETI due to cause: org.opentest4j.AssertionFailedError
09-11-2022 16:12:17 WARN  TestResultLoggerExtension:50 - Test Failed for test: [2] Check task issue type for JETI, JETI due to cause: org.opentest4j.AssertionFailedError
09-11-2022 16:12:24 WARN  TestResultLoggerExtension:50 - Test Failed for test: [3] Check story issue type for JETI, JETI due to cause: org.opentest4j.AssertionFailedError
09-11-2022 16:12:48 WARN  TestResultLoggerExtension:50 - Test Failed for test: [4] Check bug issue type for TOUCAN, TOUCAN due to cause: org.openqa.selenium.TimeoutException
09-11-2022 16:12:55 WARN  TestResultLoggerExtension:50 - Test Failed for test: [5] Check task issue type for TOUCAN, TOUCAN due to cause: org.opentest4j.AssertionFailedError
09-11-2022 16:13:02 WARN  TestResultLoggerExtension:50 - Test Failed for test: [6] Check story issue type for TOUCAN, TOUCAN due to cause: org.opentest4j.AssertionFailedError
09-11-2022 16:13:09 WARN  TestResultLoggerExtension:50 - Test Failed for test: [7] Check bug issue type for COALA, COALA due to cause: org.opentest4j.AssertionFailedError
09-11-2022 16:13:17 WARN  TestResultLoggerExtension:50 - Test Failed for test: [8] Check task issue type for COALA, COALA due to cause: org.opentest4j.AssertionFailedError
09-11-2022 16:13:24 WARN  TestResultLoggerExtension:50 - Test Failed for test: [9] Check story issue type for COALA, COALA due to cause: org.opentest4j.AssertionFailedError
09-11-2022 16:13:24 WARN  TestResultLoggerExtension:24 - Test result summary for TestCreateIssue {FAILED=9}
09-11-2022 16:21:22 WARN  TestResultLoggerExtension:50 - Test Failed for test: [1] Check bug issue type for JETI, JETI due to cause: org.openqa.selenium.ElementNotInteractableException
09-11-2022 16:25:02 WARN  TestResultLoggerExtension:50 - Test Failed for test: [1] Check bug issue type for JETI, JETI due to cause: org.opentest4j.AssertionFailedError
09-11-2022 16:25:10 WARN  TestResultLoggerExtension:50 - Test Failed for test: [2] Check task issue type for JETI, JETI due to cause: org.opentest4j.AssertionFailedError
04-12-2022 15:28:59 WARN  TestResultLoggerExtension:52 - Test Failed for test: Login with Enter key due to cause: org.openqa.selenium.InvalidArgumentException
04-12-2022 15:29:00 WARN  TestResultLoggerExtension:52 - Test Failed for test: Incorrect Password due to cause: org.openqa.selenium.InvalidArgumentException
04-12-2022 15:29:02 WARN  TestResultLoggerExtension:52 - Test Failed for test: Login on different link with correct credentials due to cause: org.openqa.selenium.InvalidArgumentException
04-12-2022 15:29:03 WARN  TestResultLoggerExtension:52 - Test Failed for test: Empty Credentials due to cause: org.openqa.selenium.InvalidArgumentException
04-12-2022 15:29:04 WARN  TestResultLoggerExtension:52 - Test Failed for test: Incorrect Username due to cause: org.openqa.selenium.InvalidArgumentException
04-12-2022 15:29:05 WARN  TestResultLoggerExtension:52 - Test Failed for test: Correct username and password due to cause: org.openqa.selenium.InvalidArgumentException
04-12-2022 15:29:05 WARN  TestResultLoggerExtension:26 - Test result summary for TestLogin {FAILED=6}
05-12-2022 08:59:36 WARN  TestResultLoggerExtension:52 - Test Failed for test: Login with Enter key due to cause: org.openqa.selenium.InvalidArgumentException
05-12-2022 08:59:37 WARN  TestResultLoggerExtension:52 - Test Failed for test: Incorrect Password due to cause: org.openqa.selenium.InvalidArgumentException
05-12-2022 08:59:39 WARN  TestResultLoggerExtension:52 - Test Failed for test: Login on different link with correct credentials due to cause: org.openqa.selenium.InvalidArgumentException
05-12-2022 08:59:40 WARN  TestResultLoggerExtension:52 - Test Failed for test: Empty Credentials due to cause: org.openqa.selenium.InvalidArgumentException
05-12-2022 08:59:41 WARN  TestResultLoggerExtension:52 - Test Failed for test: Incorrect Username due to cause: org.openqa.selenium.InvalidArgumentException
05-12-2022 08:59:43 WARN  TestResultLoggerExtension:52 - Test Failed for test: Correct username and password due to cause: org.openqa.selenium.InvalidArgumentException
05-12-2022 08:59:43 WARN  TestResultLoggerExtension:26 - Test result summary for TestLogin {FAILED=6}
05-12-2022 09:25:13 WARN  TestResultLoggerExtension:52 - Test Failed for test: Correct username and password due to cause: org.openqa.selenium.InvalidArgumentException
05-12-2022 09:25:13 WARN  TestResultLoggerExtension:26 - Test result summary for TestLogin {FAILED=1}
05-12-2022 09:28:51 WARN  TestResultLoggerExtension:52 - Test Failed for test: Empty Credentials due to cause: org.openqa.selenium.InvalidArgumentException
05-12-2022 09:28:51 WARN  TestResultLoggerExtension:26 - Test result summary for TestLogin {FAILED=1}
05-12-2022 09:31:27 WARN  TestResultLoggerExtension:52 - Test Failed for test: Correct username and password due to cause: org.openqa.selenium.InvalidArgumentException
05-12-2022 09:31:27 WARN  TestResultLoggerExtension:26 - Test result summary for TestLogin {FAILED=1}
05-12-2022 09:44:26 WARN  TestResultLoggerExtension:52 - Test Failed for test: Empty Credentials due to cause: org.openqa.selenium.InvalidArgumentException
05-12-2022 09:44:26 WARN  TestResultLoggerExtension:26 - Test result summary for TestLogin {FAILED=1}
05-12-2022 09:46:10 WARN  TestResultLoggerExtension:39 - Test Successful for test: Empty Credentials
05-12-2022 09:46:10 WARN  TestResultLoggerExtension:26 - Test result summary for TestLogin {SUCCESSFUL=1}
21-11-2022 09:35:35 WARN  TestResultLoggerExtension:37 - Test Successful for test: [1] Main Testing Project
21-11-2022 09:35:59 WARN  TestResultLoggerExtension:50 - Test Failed for test: [1] Main Testing Project, Story due to cause: org.openqa.selenium.NoSuchElementException
21-11-2022 09:36:34 WARN  TestResultLoggerExtension:50 - Test Failed for test: [1] Create subtask for JETI project, JETI, JETI-1 due to cause: org.opentest4j.AssertionFailedError
21-11-2022 09:36:55 WARN  TestResultLoggerExtension:50 - Test Failed for test: [2] Create subtask for TOUCAN project, TOUCAN, TOUCAN-1 due to cause: org.opentest4j.AssertionFailedError
21-11-2022 09:37:13 WARN  TestResultLoggerExtension:50 - Test Failed for test: [3] Create subtask for COALA project, COALA, COALA-1 due to cause: org.opentest4j.AssertionFailedError
21-11-2022 09:37:31 WARN  TestResultLoggerExtension:37 - Test Successful for test: [1] Main Testing Project, Story
21-11-2022 09:37:45 WARN  TestResultLoggerExtension:37 - Test Successful for test: [1] Check bug issue type for JETI, JETI, Bug
21-11-2022 09:37:59 WARN  TestResultLoggerExtension:50 - Test Failed for test: [2] Check task issue type for JETI, JETI, Task due to cause: org.opentest4j.AssertionFailedError
21-11-2022 09:38:11 WARN  TestResultLoggerExtension:37 - Test Successful for test: [3] Check story issue type for JETI, JETI, Story
21-11-2022 09:38:23 WARN  TestResultLoggerExtension:50 - Test Failed for test: [4] Check bug issue type for TOUCAN, TOUCAN, Bug due to cause: org.opentest4j.AssertionFailedError
21-11-2022 09:38:35 WARN  TestResultLoggerExtension:50 - Test Failed for test: [5] Check task issue type for TOUCAN, TOUCAN, Task due to cause: org.opentest4j.AssertionFailedError
21-11-2022 09:38:48 WARN  TestResultLoggerExtension:50 - Test Failed for test: [6] Check story issue type for TOUCAN, TOUCAN, Story due to cause: org.opentest4j.AssertionFailedError

